  easywsclient.cpp
D:\Projects\codebattle-loderunner-clients\CodeBattleCPP\CodeBattleCppLibrary\easywsclient\easywsclient.cpp(95,23): warning C4477: 'fprintf' : format string '%s' requires an argument of type 'char *', but variadic argument 1 has type 'WCHAR *'
D:\Projects\codebattle-loderunner-clients\CodeBattleCPP\CodeBattleCppLibrary\easywsclient\easywsclient.cpp(95,23): message : consider using '%ls' in the format string
D:\Projects\codebattle-loderunner-clients\CodeBattleCPP\CodeBattleCppLibrary\easywsclient\easywsclient.cpp(95,23): message : consider using '%lls' in the format string
D:\Projects\codebattle-loderunner-clients\CodeBattleCPP\CodeBattleCppLibrary\easywsclient\easywsclient.cpp(95,23): message : consider using '%Ls' in the format string
D:\Projects\codebattle-loderunner-clients\CodeBattleCPP\CodeBattleCppLibrary\easywsclient\easywsclient.cpp(95,23): message : consider using '%ws' in the format string
D:\Projects\codebattle-loderunner-clients\CodeBattleCPP\CodeBattleCppLibrary\easywsclient\easywsclient.cpp(102,12): warning C4267: 'argument': conversion from 'size_t' to 'int', possible loss of data
D:\Projects\codebattle-loderunner-clients\CodeBattleCPP\CodeBattleCppLibrary\easywsclient\easywsclient.cpp(199,27): warning C4244: 'argument': conversion from 'socket_t' to 'int', possible loss of data
D:\Projects\codebattle-loderunner-clients\CodeBattleCPP\CodeBattleCppLibrary\easywsclient\easywsclient.cpp(203,1): warning C4267: 'initializing': conversion from 'size_t' to 'int', possible loss of data
D:\Projects\codebattle-loderunner-clients\CodeBattleCPP\CodeBattleCppLibrary\easywsclient\easywsclient.cpp(224,1): warning C4267: 'argument': conversion from 'size_t' to 'int', possible loss of data
D:\Projects\codebattle-loderunner-clients\CodeBattleCPP\CodeBattleCppLibrary\easywsclient\easywsclient.cpp(468,96): warning C4267: 'argument': conversion from 'size_t' to 'int', possible loss of data
D:\Projects\codebattle-loderunner-clients\CodeBattleCPP\CodeBattleCppLibrary\easywsclient\easywsclient.cpp(470,92): warning C4267: 'argument': conversion from 'size_t' to 'int', possible loss of data
D:\Projects\codebattle-loderunner-clients\CodeBattleCPP\CodeBattleCppLibrary\easywsclient\easywsclient.cpp(473,101): warning C4267: 'argument': conversion from 'size_t' to 'int', possible loss of data
D:\Projects\codebattle-loderunner-clients\CodeBattleCPP\CodeBattleCppLibrary\easywsclient\easywsclient.cpp(475,92): warning C4267: 'argument': conversion from 'size_t' to 'int', possible loss of data
D:\Projects\codebattle-loderunner-clients\CodeBattleCPP\CodeBattleCppLibrary\easywsclient\easywsclient.cpp(476,93): warning C4267: 'argument': conversion from 'size_t' to 'int', possible loss of data
D:\Projects\codebattle-loderunner-clients\CodeBattleCPP\CodeBattleCppLibrary\easywsclient\easywsclient.cpp(478,104): warning C4267: 'argument': conversion from 'size_t' to 'int', possible loss of data
D:\Projects\codebattle-loderunner-clients\CodeBattleCPP\CodeBattleCppLibrary\easywsclient\easywsclient.cpp(480,117): warning C4267: 'argument': conversion from 'size_t' to 'int', possible loss of data
D:\Projects\codebattle-loderunner-clients\CodeBattleCPP\CodeBattleCppLibrary\easywsclient\easywsclient.cpp(481,99): warning C4267: 'argument': conversion from 'size_t' to 'int', possible loss of data
D:\Projects\codebattle-loderunner-clients\CodeBattleCPP\CodeBattleCppLibrary\easywsclient\easywsclient.cpp(482,74): warning C4267: 'argument': conversion from 'size_t' to 'int', possible loss of data
  CodeBattleCppLibrary.vcxproj -> D:\Projects\codebattle-loderunner-clients\CodeBattleCPP\x64\Debug\CodeBattleCppLibrary.lib
